qemu-system-i386 -device isa-debug-exit -drive file=/tmp/2D7y73lrlu.dsk,format=raw,index=0,media=disk -m 4 -net none -nographic -monitor null
c[?7l[2J[0mSeaBIOS (version rel-1.12.0-59-gc9ba5276e321-prebuilt.qemu.org)
Booting from Hard Disk...
PPiiLLoo  hhddaa1
1
LLooaaddiinngg.......................
Kernel command line: -q run 'tar fs.tar /' append fs.tar
Pintos booting with 3,968 kB RAM...
367 pages available in kernel pool.
367 pages available in user pool.
Calibrating timer...  334,643,200 loops/s.
hda: 15,120 sectors (7 MB), model "QM00001", serial "QEMU HARDDISK"
hda1: 202 sectors (101 kB), Pintos OS kernel (20)
hda2: 4,096 sectors (2 MB), Pintos file system (21)
hda3: 2,048 sectors (1 MB), Pintos scratch (22)
hda4: 8,192 sectors (4 MB), Pintos swap (23)
filesys: using hda2
scratch: using hda3
swap: using hda4
Kernel PANIC at ../../filesys/free-map.c:60 in free_map_open(): can't read free map
Call stack: 0xc002892f.
The `backtrace' program can make call stacks useful.
Read "Backtraces" in the "Debugging Tools" chapter
of the Pintos documentation for more information.
Timer: 62 ticks
Thread: 0 idle ticks, 62 kernel ticks, 0 user ticks
hda2 (filesys): 1 reads, 0 writes
hda3 (scratch): 0 reads, 0 writes
hda4 (swap): 0 reads, 0 writes
Console: 955 characters output
Keyboard: 0 keys pressed
Exception: 0 page faults
Powering off...
Copying .tar out of /tmp/2D7y73lrlu.dsk...
